\BOOKMARK [0][-]{chapter.1}{\376\377\0001\000\040\000C\000o\000n\000t\000r\000i\000b\000u\000t\000i\000n\000g\000\040\000t\000o\000\040\000A\000p\000o\000s\000\040\000-\000\040\000D\000a\000t\000a\000b\000a\000s\000e\000\040\000M\000a\000n\000a\000g\000e\000r}{}% 1
\BOOKMARK [1][-]{section.1.1}{\376\377\0001\000.\0001\000\040\000W\000h\000e\000r\000e\000\040\000d\000o\000\040\000I\000\040\000g\000o\000\040\000f\000r\000o\000m\000\040\000h\000e\000r\000e\000?}{chapter.1}% 2
\BOOKMARK [1][-]{section.1.2}{\376\377\0001\000.\0002\000\040\000F\000o\000r\000k\000\040\000\046\000\040\000c\000r\000e\000a\000t\000e\000\040\000a\000\040\000b\000r\000a\000n\000c\000h}{chapter.1}% 3
\BOOKMARK [1][-]{section.1.3}{\376\377\0001\000.\0003\000\040\000G\000e\000t\000\040\000t\000h\000e\000\040\000t\000e\000s\000t\000\040\000s\000u\000i\000t\000e\000\040\000r\000u\000n\000n\000i\000n\000g}{chapter.1}% 4
\BOOKMARK [1][-]{section.1.4}{\376\377\0001\000.\0004\000\040\000I\000m\000p\000l\000e\000m\000e\000n\000t\000\040\000y\000o\000u\000r\000\040\000f\000i\000x\000\040\000o\000r\000\040\000f\000e\000a\000t\000u\000r\000e}{chapter.1}% 5
\BOOKMARK [1][-]{section.1.5}{\376\377\0001\000.\0005\000\040\000M\000a\000k\000e\000\040\000a\000\040\000P\000u\000l\000l\000\040\000R\000e\000q\000u\000e\000s\000t}{chapter.1}% 6
\BOOKMARK [1][-]{section.1.6}{\376\377\0001\000.\0006\000\040\000K\000e\000e\000p\000i\000n\000g\000\040\000y\000o\000u\000r\000\040\000P\000u\000l\000l\000\040\000R\000e\000q\000u\000e\000s\000t\000\040\000u\000p\000d\000a\000t\000e\000d}{chapter.1}% 7
\BOOKMARK [1][-]{section.1.7}{\376\377\0001\000.\0007\000\040\000M\000e\000r\000g\000i\000n\000g\000\040\000a\000\040\000P\000R\000\040\000\050\000m\000a\000i\000n\000t\000a\000i\000n\000e\000r\000s\000\040\000o\000n\000l\000y\000\051}{chapter.1}% 8
\BOOKMARK [0][-]{chapter.2}{\376\377\0002\000\040\000A\000p\000o\000s\000\040\000-\000\040\000D\000a\000t\000a\000b\000a\000s\000e\000\040\000M\000a\000n\000a\000g\000e\000r}{}% 9
\BOOKMARK [1][-]{section.2.1}{\376\377\0002\000.\0001\000\040\000K\000e\000y\000\040\000F\000e\000a\000t\000u\000r\000e\000s}{chapter.2}% 10
\BOOKMARK [1][-]{section.2.2}{\376\377\0002\000.\0002\000\040\000P\000r\000e\000r\000e\000q\000u\000i\000s\000i\000t\000e\000s}{chapter.2}% 11
\BOOKMARK [1][-]{section.2.3}{\376\377\0002\000.\0003\000\040\000I\000n\000s\000t\000a\000l\000l\000a\000t\000i\000o\000n}{chapter.2}% 12
\BOOKMARK [1][-]{section.2.4}{\376\377\0002\000.\0004\000\040\000U\000s\000a\000g\000e}{chapter.2}% 13
\BOOKMARK [1][-]{section.2.5}{\376\377\0002\000.\0005\000\040\000P\000r\000o\000j\000e\000c\000t\000\040\000S\000t\000r\000u\000c\000t\000u\000r\000e}{chapter.2}% 14
\BOOKMARK [1][-]{section.2.6}{\376\377\0002\000.\0006\000\040\000D\000o\000c\000u\000m\000e\000n\000t\000a\000t\000i\000o\000n}{chapter.2}% 15
\BOOKMARK [1][-]{section.2.7}{\376\377\0002\000.\0007\000\040\000C\000o\000n\000t\000r\000i\000b\000u\000t\000i\000n\000g}{chapter.2}% 16
\BOOKMARK [1][-]{section.2.8}{\376\377\0002\000.\0008\000\040\000L\000i\000c\000e\000n\000s\000e}{chapter.2}% 17
\BOOKMARK [1][-]{section.2.9}{\376\377\0002\000.\0009\000\040\000A\000c\000k\000n\000o\000w\000l\000e\000d\000g\000m\000e\000n\000t\000s}{chapter.2}% 18
\BOOKMARK [0][-]{chapter.3}{\376\377\0003\000\040\000T\000o\000p\000i\000c\000\040\000I\000n\000d\000e\000x}{}% 19
\BOOKMARK [1][-]{section.3.1}{\376\377\0003\000.\0001\000\040\000T\000o\000p\000i\000c\000s}{chapter.3}% 20
\BOOKMARK [0][-]{chapter.4}{\376\377\0004\000\040\000N\000a\000m\000e\000s\000p\000a\000c\000e\000\040\000I\000n\000d\000e\000x}{}% 21
\BOOKMARK [1][-]{section.4.1}{\376\377\0004\000.\0001\000\040\000N\000a\000m\000e\000s\000p\000a\000c\000e\000\040\000L\000i\000s\000t}{chapter.4}% 22
\BOOKMARK [0][-]{chapter.5}{\376\377\0005\000\040\000H\000i\000e\000r\000a\000r\000c\000h\000i\000c\000a\000l\000\040\000I\000n\000d\000e\000x}{}% 23
\BOOKMARK [1][-]{section.5.1}{\376\377\0005\000.\0001\000\040\000C\000l\000a\000s\000s\000\040\000H\000i\000e\000r\000a\000r\000c\000h\000y}{chapter.5}% 24
\BOOKMARK [0][-]{chapter.6}{\376\377\0006\000\040\000C\000l\000a\000s\000s\000\040\000I\000n\000d\000e\000x}{}% 25
\BOOKMARK [1][-]{section.6.1}{\376\377\0006\000.\0001\000\040\000C\000l\000a\000s\000s\000\040\000L\000i\000s\000t}{chapter.6}% 26
\BOOKMARK [0][-]{chapter.7}{\376\377\0007\000\040\000F\000i\000l\000e\000\040\000I\000n\000d\000e\000x}{}% 27
\BOOKMARK [1][-]{section.7.1}{\376\377\0007\000.\0001\000\040\000F\000i\000l\000e\000\040\000L\000i\000s\000t}{chapter.7}% 28
\BOOKMARK [0][-]{chapter.8}{\376\377\0008\000\040\000T\000o\000p\000i\000c\000\040\000D\000o\000c\000u\000m\000e\000n\000t\000a\000t\000i\000o\000n}{}% 29
\BOOKMARK [1][-]{section.8.1}{\376\377\0008\000.\0001\000\040\000C\000o\000n\000s\000t\000r\000u\000c\000t\000o\000r\000s\000\040\000a\000n\000d\000\040\000D\000e\000s\000c\000t\000r\000u\000c\000t\000o\000r\000s}{chapter.8}% 30
\BOOKMARK [2][-]{subsection.8.1.1}{\376\377\0008\000.\0001\000.\0001\000\040\000D\000e\000t\000a\000i\000l\000e\000d\000\040\000D\000e\000s\000c\000r\000i\000p\000t\000i\000o\000n}{section.8.1}% 31
\BOOKMARK [2][-]{subsection.8.1.2}{\376\377\0008\000.\0001\000.\0002\000\040\000F\000u\000n\000c\000t\000i\000o\000n\000\040\000D\000o\000c\000u\000m\000e\000n\000t\000a\000t\000i\000o\000n}{section.8.1}% 32
\BOOKMARK [3][-]{subsubsection.8.1.2.1}{\376\377\0008\000.\0001\000.\0002\000.\0001\000\040\000D\000a\000t\000a\000b\000a\000s\000e\000H\000a\000n\000d\000l\000e\000r\000\050\000\051}{subsection.8.1.2}% 33
\BOOKMARK [3][-]{subsubsection.8.1.2.2}{\376\377\0008\000.\0001\000.\0002\000.\0002\000\040\000D\000e\000v\000W\000i\000n\000d\000o\000w\000\050\000\051}{subsection.8.1.2}% 34
\BOOKMARK [3][-]{subsubsection.8.1.2.3}{\376\377\0008\000.\0001\000.\0002\000.\0003\000\040\000L\000a\000u\000n\000c\000h\000e\000r\000W\000i\000n\000d\000o\000w\000\050\000\051}{subsection.8.1.2}% 35
\BOOKMARK [3][-]{subsubsection.8.1.2.4}{\376\377\0008\000.\0001\000.\0002\000.\0004\000\040\000O\000b\000j\000e\000c\000t\000H\000a\000n\000d\000l\000e\000r\000\050\000\051}{subsection.8.1.2}% 36
\BOOKMARK [3][-]{subsubsection.8.1.2.5}{\376\377\0008\000.\0001\000.\0002\000.\0005\000\040\000S\000e\000t\000t\000i\000n\000g\000s\000W\000i\000n\000d\000o\000w\000\050\000\051}{subsection.8.1.2}% 37
\BOOKMARK [3][-]{subsubsection.8.1.2.6}{\376\377\0008\000.\0001\000.\0002\000.\0006\000\040\000S\000t\000a\000r\000t\000u\000p\000H\000a\000n\000d\000l\000e\000r\000\050\000\051}{subsection.8.1.2}% 38
\BOOKMARK [3][-]{subsubsection.8.1.2.7}{\376\377\0008\000.\0001\000.\0002\000.\0007\000\040\000T\000a\000b\000l\000e\000H\000a\000n\000d\000l\000e\000r\000\050\000\051\000\040\000[\0001\000/\0002\000]}{subsection.8.1.2}% 39
\BOOKMARK [3][-]{subsubsection.8.1.2.8}{\376\377\0008\000.\0001\000.\0002\000.\0008\000\040\000T\000a\000b\000l\000e\000H\000a\000n\000d\000l\000e\000r\000\050\000\051\000\040\000[\0002\000/\0002\000]}{subsection.8.1.2}% 40
\BOOKMARK [3][-]{subsubsection.8.1.2.9}{\376\377\0008\000.\0001\000.\0002\000.\0009\000\040\000T\000r\000a\000n\000s\000l\000a\000t\000a\000b\000l\000e\000W\000i\000n\000d\000o\000w\000\050\000\051}{subsection.8.1.2}% 41
\BOOKMARK [3][-]{subsubsection.8.1.2.10}{\376\377\0008\000.\0001\000.\0002\000.\0001\0000\000\040\000W\000i\000n\000d\000o\000w\000H\000a\000n\000d\000l\000e\000r\000\050\000\051}{subsection.8.1.2}% 42
\BOOKMARK [3][-]{subsubsection.8.1.2.11}{\376\377\0008\000.\0001\000.\0002\000.\0001\0001\000\040\000~\000D\000e\000v\000W\000i\000n\000d\000o\000w\000\050\000\051}{subsection.8.1.2}% 43
\BOOKMARK [3][-]{subsubsection.8.1.2.12}{\376\377\0008\000.\0001\000.\0002\000.\0001\0002\000\040\000~\000L\000a\000u\000n\000c\000h\000e\000r\000W\000i\000n\000d\000o\000w\000\050\000\051}{subsection.8.1.2}% 44
\BOOKMARK [3][-]{subsubsection.8.1.2.13}{\376\377\0008\000.\0001\000.\0002\000.\0001\0003\000\040\000~\000S\000e\000t\000t\000i\000n\000g\000s\000W\000i\000n\000d\000o\000w\000\050\000\051}{subsection.8.1.2}% 45
\BOOKMARK [3][-]{subsubsection.8.1.2.14}{\376\377\0008\000.\0001\000.\0002\000.\0001\0004\000\040\000~\000T\000a\000b\000l\000e\000H\000a\000n\000d\000l\000e\000r\000\050\000\051}{subsection.8.1.2}% 46
\BOOKMARK [1][-]{section.8.2}{\376\377\0008\000.\0002\000\040\000D\000a\000t\000a\000b\000a\000s\000e\000\040\000F\000u\000n\000c\000t\000i\000o\000n\000s}{chapter.8}% 47
\BOOKMARK [2][-]{subsection.8.2.1}{\376\377\0008\000.\0002\000.\0001\000\040\000D\000e\000t\000a\000i\000l\000e\000d\000\040\000D\000e\000s\000c\000r\000i\000p\000t\000i\000o\000n}{section.8.2}% 48
\BOOKMARK [2][-]{subsection.8.2.2}{\376\377\0008\000.\0002\000.\0002\000\040\000F\000u\000n\000c\000t\000i\000o\000n\000\040\000D\000o\000c\000u\000m\000e\000n\000t\000a\000t\000i\000o\000n}{section.8.2}% 49
\BOOKMARK [3][-]{subsubsection.8.2.2.1}{\376\377\0008\000.\0002\000.\0002\000.\0001\000\040\000c\000l\000o\000s\000e\000D\000a\000t\000a\000b\000a\000s\000e\000\050\000\051\000\040\000[\0001\000/\0002\000]}{subsection.8.2.2}% 50
\BOOKMARK [3][-]{subsubsection.8.2.2.2}{\376\377\0008\000.\0002\000.\0002\000.\0002\000\040\000c\000l\000o\000s\000e\000D\000a\000t\000a\000b\000a\000s\000e\000\050\000\051\000\040\000[\0002\000/\0002\000]}{subsection.8.2.2}% 51
\BOOKMARK [3][-]{subsubsection.8.2.2.3}{\376\377\0008\000.\0002\000.\0002\000.\0003\000\040\000e\000x\000e\000c\000u\000t\000e\000C\000o\000m\000m\000a\000n\000d\000\050\000\051}{subsection.8.2.2}% 52
\BOOKMARK [3][-]{subsubsection.8.2.2.4}{\376\377\0008\000.\0002\000.\0002\000.\0004\000\040\000g\000e\000n\000e\000r\000a\000t\000e\000T\000a\000b\000l\000e\000M\000o\000d\000e\000l\000\050\000\051\000\040\000[\0001\000/\0002\000]}{subsection.8.2.2}% 53
\BOOKMARK [3][-]{subsubsection.8.2.2.5}{\376\377\0008\000.\0002\000.\0002\000.\0005\000\040\000g\000e\000n\000e\000r\000a\000t\000e\000T\000a\000b\000l\000e\000M\000o\000d\000e\000l\000\050\000\051\000\040\000[\0002\000/\0002\000]}{subsection.8.2.2}% 54
\BOOKMARK [3][-]{subsubsection.8.2.2.6}{\376\377\0008\000.\0002\000.\0002\000.\0006\000\040\000i\000n\000i\000t\000D\000a\000t\000a\000b\000a\000s\000e\000\050\000\051}{subsection.8.2.2}% 55
\BOOKMARK [3][-]{subsubsection.8.2.2.7}{\376\377\0008\000.\0002\000.\0002\000.\0007\000\040\000i\000n\000s\000e\000r\000t\000I\000n\000t\000o\000T\000a\000b\000l\000e\000\050\000\051}{subsection.8.2.2}% 56
\BOOKMARK [3][-]{subsubsection.8.2.2.8}{\376\377\0008\000.\0002\000.\0002\000.\0008\000\040\000s\000e\000t\000M\000o\000d\000e\000l\000V\000i\000e\000w\000s\000\050\000\051\000\040\000[\0001\000/\0002\000]}{subsection.8.2.2}% 57
\BOOKMARK [3][-]{subsubsection.8.2.2.9}{\376\377\0008\000.\0002\000.\0002\000.\0009\000\040\000s\000e\000t\000M\000o\000d\000e\000l\000V\000i\000e\000w\000s\000\050\000\051\000\040\000[\0002\000/\0002\000]}{subsection.8.2.2}% 58
\BOOKMARK [1][-]{section.8.3}{\376\377\0008\000.\0003\000\040\000I\000n\000i\000t\000i\000a\000l\000i\000z\000a\000t\000i\000o\000n}{chapter.8}% 59
\BOOKMARK [2][-]{subsection.8.3.1}{\376\377\0008\000.\0003\000.\0001\000\040\000D\000e\000t\000a\000i\000l\000e\000d\000\040\000D\000e\000s\000c\000r\000i\000p\000t\000i\000o\000n}{section.8.3}% 60
\BOOKMARK [2][-]{subsection.8.3.2}{\376\377\0008\000.\0003\000.\0002\000\040\000F\000u\000n\000c\000t\000i\000o\000n\000\040\000D\000o\000c\000u\000m\000e\000n\000t\000a\000t\000i\000o\000n}{section.8.3}% 61
\BOOKMARK [3][-]{subsubsection.8.3.2.1}{\376\377\0008\000.\0003\000.\0002\000.\0001\000\040\000i\000n\000i\000t\000D\000a\000t\000a\000b\000a\000s\000e\000\050\000\051}{subsection.8.3.2}% 62
\BOOKMARK [3][-]{subsubsection.8.3.2.2}{\376\377\0008\000.\0003\000.\0002\000.\0002\000\040\000i\000n\000i\000t\000D\000a\000t\000a\000b\000a\000s\000e\000O\000b\000j\000e\000c\000t\000\050\000\051}{subsection.8.3.2}% 63
\BOOKMARK [3][-]{subsubsection.8.3.2.3}{\376\377\0008\000.\0003\000.\0002\000.\0003\000\040\000i\000n\000i\000t\000O\000b\000j\000e\000c\000t\000H\000a\000n\000d\000l\000e\000r\000\050\000\051}{subsection.8.3.2}% 64
\BOOKMARK [3][-]{subsubsection.8.3.2.4}{\376\377\0008\000.\0003\000.\0002\000.\0004\000\040\000i\000n\000i\000t\000T\000a\000b\000l\000e\000O\000b\000j\000e\000c\000t\000\050\000\051}{subsection.8.3.2}% 65
\BOOKMARK [3][-]{subsubsection.8.3.2.5}{\376\377\0008\000.\0003\000.\0002\000.\0005\000\040\000i\000n\000i\000t\000T\000r\000a\000n\000s\000l\000a\000t\000o\000r\000\050\000\051}{subsection.8.3.2}% 66
\BOOKMARK [3][-]{subsubsection.8.3.2.6}{\376\377\0008\000.\0003\000.\0002\000.\0006\000\040\000i\000n\000s\000t\000a\000l\000l\000T\000r\000a\000n\000s\000l\000a\000t\000o\000r\000\050\000\051\000\040\000[\0001\000/\0002\000]}{subsection.8.3.2}% 67
\BOOKMARK [3][-]{subsubsection.8.3.2.7}{\376\377\0008\000.\0003\000.\0002\000.\0007\000\040\000i\000n\000s\000t\000a\000l\000l\000T\000r\000a\000n\000s\000l\000a\000t\000o\000r\000\050\000\051\000\040\000[\0002\000/\0002\000]}{subsection.8.3.2}% 68
\BOOKMARK [3][-]{subsubsection.8.3.2.8}{\376\377\0008\000.\0003\000.\0002\000.\0008\000\040\000s\000t\000a\000r\000t\000U\000p\000\050\000\051}{subsection.8.3.2}% 69
\BOOKMARK [1][-]{section.8.4}{\376\377\0008\000.\0004\000\040\000L\000o\000g\000\040\000F\000u\000n\000c\000t\000i\000o\000n\000s}{chapter.8}% 70
\BOOKMARK [2][-]{subsection.8.4.1}{\376\377\0008\000.\0004\000.\0001\000\040\000D\000e\000t\000a\000i\000l\000e\000d\000\040\000D\000e\000s\000c\000r\000i\000p\000t\000i\000o\000n}{section.8.4}% 71
\BOOKMARK [2][-]{subsection.8.4.2}{\376\377\0008\000.\0004\000.\0002\000\040\000F\000u\000n\000c\000t\000i\000o\000n\000\040\000D\000o\000c\000u\000m\000e\000n\000t\000a\000t\000i\000o\000n}{section.8.4}% 72
\BOOKMARK [3][-]{subsubsection.8.4.2.1}{\376\377\0008\000.\0004\000.\0002\000.\0001\000\040\000l\000o\000g\000E\000v\000e\000n\000t\000\050\000\051\000\040\000[\0001\000/\0002\000]}{subsection.8.4.2}% 73
\BOOKMARK [3][-]{subsubsection.8.4.2.2}{\376\377\0008\000.\0004\000.\0002\000.\0002\000\040\000l\000o\000g\000E\000v\000e\000n\000t\000\050\000\051\000\040\000[\0002\000/\0002\000]}{subsection.8.4.2}% 74
\BOOKMARK [1][-]{section.8.5}{\376\377\0008\000.\0005\000\040\000S\000i\000g\000n\000a\000l\000\040\000F\000u\000n\000c\000t\000i\000o\000n\000s}{chapter.8}% 75
\BOOKMARK [2][-]{subsection.8.5.1}{\376\377\0008\000.\0005\000.\0001\000\040\000D\000e\000t\000a\000i\000l\000e\000d\000\040\000D\000e\000s\000c\000r\000i\000p\000t\000i\000o\000n}{section.8.5}% 76
\BOOKMARK [2][-]{subsection.8.5.2}{\376\377\0008\000.\0005\000.\0002\000\040\000S\000i\000g\000n\000a\000l\000s}{section.8.5}% 77
\BOOKMARK [3][-]{subsubsection.8.5.2.1}{\376\377\0008\000.\0005\000.\0002\000.\0001\000\040\000a\000p\000p\000l\000i\000e\000d\000S\000e\000t\000t\000i\000n\000g\000s}{subsection.8.5.2}% 78
\BOOKMARK [3][-]{subsubsection.8.5.2.2}{\376\377\0008\000.\0005\000.\0002\000.\0002\000\040\000o\000p\000e\000n\000D\000e\000v\000W\000i\000n\000d\000o\000w}{subsection.8.5.2}% 79
\BOOKMARK [3][-]{subsubsection.8.5.2.3}{\376\377\0008\000.\0005\000.\0002\000.\0003\000\040\000o\000p\000e\000n\000S\000e\000t\000t\000i\000n\000g\000s\000\040\000[\0001\000/\0002\000]}{subsection.8.5.2}% 80
\BOOKMARK [3][-]{subsubsection.8.5.2.4}{\376\377\0008\000.\0005\000.\0002\000.\0004\000\040\000o\000p\000e\000n\000S\000e\000t\000t\000i\000n\000g\000s\000\040\000[\0002\000/\0002\000]}{subsection.8.5.2}% 81
\BOOKMARK [3][-]{subsubsection.8.5.2.5}{\376\377\0008\000.\0005\000.\0002\000.\0005\000\040\000r\000e\000t\000u\000r\000n\000T\000o\000L\000a\000u\000n\000c\000h\000e\000r}{subsection.8.5.2}% 82
\BOOKMARK [1][-]{section.8.6}{\376\377\0008\000.\0006\000\040\000S\000l\000o\000t\000\040\000F\000u\000n\000c\000t\000i\000o\000n\000s}{chapter.8}% 83
\BOOKMARK [2][-]{subsection.8.6.1}{\376\377\0008\000.\0006\000.\0001\000\040\000D\000e\000t\000a\000i\000l\000e\000d\000\040\000D\000e\000s\000c\000r\000i\000p\000t\000i\000o\000n}{section.8.6}% 84
\BOOKMARK [2][-]{subsection.8.6.2}{\376\377\0008\000.\0006\000.\0002\000\040\000P\000r\000i\000v\000a\000t\000e\000\040\000S\000l\000o\000t\000s}{section.8.6}% 85
\BOOKMARK [3][-]{subsubsection.8.6.2.1}{\376\377\0008\000.\0006\000.\0002\000.\0001\000\040\000a\000d\000d\000V\000a\000l\000u\000e\000s\000C\000l\000i\000c\000k\000e\000d}{subsection.8.6.2}% 86
\BOOKMARK [3][-]{subsubsection.8.6.2.2}{\376\377\0008\000.\0006\000.\0002\000.\0002\000\040\000a\000p\000p\000l\000y\000C\000l\000i\000c\000k\000e\000d}{subsection.8.6.2}% 87
\BOOKMARK [3][-]{subsubsection.8.6.2.3}{\376\377\0008\000.\0006\000.\0002\000.\0003\000\040\000c\000l\000e\000a\000r\000C\000o\000m\000m\000a\000n\000d\000A\000f\000t\000e\000r\000E\000x\000e\000c\000u\000t\000e\000S\000t\000a\000t\000e\000C\000h\000a\000n\000g\000e\000d}{subsection.8.6.2}% 88
\BOOKMARK [3][-]{subsubsection.8.6.2.4}{\376\377\0008\000.\0006\000.\0002\000.\0004\000\040\000c\000l\000e\000a\000r\000I\000n\000p\000u\000t\000s\000A\000f\000t\000e\000r\000I\000n\000s\000e\000r\000t\000S\000t\000a\000t\000e\000C\000h\000a\000n\000g\000e\000d}{subsection.8.6.2}% 89
\BOOKMARK [3][-]{subsubsection.8.6.2.5}{\376\377\0008\000.\0006\000.\0002\000.\0005\000\040\000c\000l\000o\000s\000e\000C\000l\000i\000c\000k\000e\000d}{subsection.8.6.2}% 90
\BOOKMARK [3][-]{subsubsection.8.6.2.6}{\376\377\0008\000.\0006\000.\0002\000.\0006\000\040\000c\000l\000o\000s\000e\000D\000B\000C\000l\000i\000c\000k\000e\000d}{subsection.8.6.2}% 91
\BOOKMARK [3][-]{subsubsection.8.6.2.7}{\376\377\0008\000.\0006\000.\0002\000.\0007\000\040\000e\000x\000e\000c\000u\000t\000e\000C\000l\000i\000c\000k\000e\000d}{subsection.8.6.2}% 92
\BOOKMARK [3][-]{subsubsection.8.6.2.8}{\376\377\0008\000.\0006\000.\0002\000.\0008\000\040\000i\000n\000i\000t\000D\000b\000C\000l\000i\000c\000k\000e\000d}{subsection.8.6.2}% 93
\BOOKMARK [3][-]{subsubsection.8.6.2.9}{\376\377\0008\000.\0006\000.\0002\000.\0009\000\040\000l\000a\000n\000g\000u\000a\000g\000e\000C\000u\000r\000r\000e\000n\000t\000I\000n\000d\000e\000x\000C\000h\000a\000n\000g\000e\000d}{subsection.8.6.2}% 94
\BOOKMARK [3][-]{subsubsection.8.6.2.10}{\376\377\0008\000.\0006\000.\0002\000.\0001\0000\000\040\000p\000u\000s\000h\000B\000u\000t\000t\000o\000n\000C\000l\000i\000c\000k\000e\000d}{subsection.8.6.2}% 95
\BOOKMARK [3][-]{subsubsection.8.6.2.11}{\376\377\0008\000.\0006\000.\0002\000.\0001\0001\000\040\000r\000e\000t\000u\000r\000n\000T\000o\000L\000a\000u\000n\000c\000h\000e\000r\000C\000l\000i\000c\000k\000e\000d}{subsection.8.6.2}% 96
\BOOKMARK [3][-]{subsubsection.8.6.2.12}{\376\377\0008\000.\0006\000.\0002\000.\0001\0002\000\040\000s\000e\000l\000e\000c\000t\000T\000a\000b\000l\000e\000C\000l\000i\000c\000k\000e\000d}{subsection.8.6.2}% 97
\BOOKMARK [3][-]{subsubsection.8.6.2.13}{\376\377\0008\000.\0006\000.\0002\000.\0001\0003\000\040\000s\000e\000t\000t\000i\000n\000g\000s\000C\000l\000i\000c\000k\000e\000d}{subsection.8.6.2}% 98
\BOOKMARK [3][-]{subsubsection.8.6.2.14}{\376\377\0008\000.\0006\000.\0002\000.\0001\0004\000\040\000s\000h\000o\000w\000D\000e\000v\000C\000l\000i\000c\000k\000e\000d}{subsection.8.6.2}% 99
\BOOKMARK [3][-]{subsubsection.8.6.2.15}{\376\377\0008\000.\0006\000.\0002\000.\0001\0005\000\040\000u\000p\000d\000a\000t\000e\000T\000a\000b\000l\000e\000C\000l\000i\000c\000k\000e\000d}{subsection.8.6.2}% 100
\BOOKMARK [1][-]{section.8.7}{\376\377\0008\000.\0007\000\040\000U\000I\000\040\000F\000u\000n\000c\000t\000i\000o\000n\000s}{chapter.8}% 101
\BOOKMARK [2][-]{subsection.8.7.1}{\376\377\0008\000.\0007\000.\0001\000\040\000D\000e\000t\000a\000i\000l\000e\000d\000\040\000D\000e\000s\000c\000r\000i\000p\000t\000i\000o\000n}{section.8.7}% 102
\BOOKMARK [2][-]{subsection.8.7.2}{\376\377\0008\000.\0007\000.\0002\000\040\000F\000u\000n\000c\000t\000i\000o\000n\000\040\000D\000o\000c\000u\000m\000e\000n\000t\000a\000t\000i\000o\000n}{section.8.7}% 103
\BOOKMARK [3][-]{subsubsection.8.7.2.1}{\376\377\0008\000.\0007\000.\0002\000.\0001\000\040\000a\000s\000s\000i\000g\000n\000I\000n\000p\000u\000t\000s\000\050\000\051}{subsection.8.7.2}% 104
\BOOKMARK [3][-]{subsubsection.8.7.2.2}{\376\377\0008\000.\0007\000.\0002\000.\0002\000\040\000c\000h\000a\000n\000g\000e\000L\000a\000n\000g\000u\000a\000g\000e\000s\000\050\000\051}{subsection.8.7.2}% 105
\BOOKMARK [3][-]{subsubsection.8.7.2.3}{\376\377\0008\000.\0007\000.\0002\000.\0003\000\040\000c\000h\000e\000c\000k\000C\000h\000e\000c\000k\000b\000o\000x\000\050\000\051}{subsection.8.7.2}% 106
\BOOKMARK [3][-]{subsubsection.8.7.2.4}{\376\377\0008\000.\0007\000.\0002\000.\0004\000\040\000c\000l\000e\000a\000r\000C\000o\000m\000m\000a\000n\000d\000B\000o\000x\000\050\000\051}{subsection.8.7.2}% 107
\BOOKMARK [3][-]{subsubsection.8.7.2.5}{\376\377\0008\000.\0007\000.\0002\000.\0005\000\040\000c\000l\000e\000a\000r\000I\000n\000p\000u\000t\000s\000\050\000\051}{subsection.8.7.2}% 108
\BOOKMARK [3][-]{subsubsection.8.7.2.6}{\376\377\0008\000.\0007\000.\0002\000.\0006\000\040\000e\000n\000a\000b\000l\000e\000B\000u\000t\000t\000o\000n\000s\000\050\000\051}{subsection.8.7.2}% 109
\BOOKMARK [3][-]{subsubsection.8.7.2.7}{\376\377\0008\000.\0007\000.\0002\000.\0007\000\040\000r\000e\000t\000r\000a\000n\000s\000l\000a\000t\000e\000U\000i\000\050\000\051\000\040\000[\0001\000/\0004\000]}{subsection.8.7.2}% 110
\BOOKMARK [3][-]{subsubsection.8.7.2.8}{\376\377\0008\000.\0007\000.\0002\000.\0008\000\040\000r\000e\000t\000r\000a\000n\000s\000l\000a\000t\000e\000U\000i\000\050\000\051\000\040\000[\0002\000/\0004\000]}{subsection.8.7.2}% 111
\BOOKMARK [3][-]{subsubsection.8.7.2.9}{\376\377\0008\000.\0007\000.\0002\000.\0009\000\040\000r\000e\000t\000r\000a\000n\000s\000l\000a\000t\000e\000U\000i\000\050\000\051\000\040\000[\0003\000/\0004\000]}{subsection.8.7.2}% 112
\BOOKMARK [3][-]{subsubsection.8.7.2.10}{\376\377\0008\000.\0007\000.\0002\000.\0001\0000\000\040\000r\000e\000t\000r\000a\000n\000s\000l\000a\000t\000e\000U\000i\000\050\000\051\000\040\000[\0004\000/\0004\000]}{subsection.8.7.2}% 113
\BOOKMARK [3][-]{subsubsection.8.7.2.11}{\376\377\0008\000.\0007\000.\0002\000.\0001\0001\000\040\000s\000h\000o\000w\000L\000a\000u\000n\000c\000h\000W\000i\000n\000d\000o\000w\000\050\000\051}{subsection.8.7.2}% 114
\BOOKMARK [2][-]{subsection.8.7.3}{\376\377\0008\000.\0007\000.\0003\000\040\000P\000r\000i\000v\000a\000t\000e\000\040\000S\000l\000o\000t\000s}{section.8.7}% 115
\BOOKMARK [3][-]{subsubsection.8.7.3.1}{\376\377\0008\000.\0007\000.\0003\000.\0001\000\040\000a\000p\000p\000l\000y\000S\000e\000t\000t\000i\000n\000g\000s}{subsection.8.7.3}% 116
\BOOKMARK [3][-]{subsubsection.8.7.3.2}{\376\377\0008\000.\0007\000.\0003\000.\0002\000\040\000s\000h\000o\000w\000D\000e\000v\000W\000i\000n\000d\000o\000w}{subsection.8.7.3}% 117
\BOOKMARK [3][-]{subsubsection.8.7.3.3}{\376\377\0008\000.\0007\000.\0003\000.\0003\000\040\000s\000h\000o\000w\000S\000e\000t\000t\000i\000n\000g\000s\000W\000i\000n\000d\000o\000w}{subsection.8.7.3}% 118
\BOOKMARK [1][-]{section.8.8}{\376\377\0008\000.\0008\000\040\000U\000t\000i\000l\000i\000t\000y\000\040\000F\000u\000n\000c\000t\000i\000o\000n\000s}{chapter.8}% 119
\BOOKMARK [1][-]{section.8.9}{\376\377\0008\000.\0009\000\040\000V\000a\000r\000i\000a\000b\000l\000e\000s}{chapter.8}% 120
\BOOKMARK [2][-]{subsection.8.9.1}{\376\377\0008\000.\0009\000.\0001\000\040\000D\000e\000t\000a\000i\000l\000e\000d\000\040\000D\000e\000s\000c\000r\000i\000p\000t\000i\000o\000n}{section.8.9}% 121
\BOOKMARK [2][-]{subsection.8.9.2}{\376\377\0008\000.\0009\000.\0002\000\040\000V\000a\000r\000i\000a\000b\000l\000e\000\040\000D\000o\000c\000u\000m\000e\000n\000t\000a\000t\000i\000o\000n}{section.8.9}% 122
\BOOKMARK [3][-]{subsubsection.8.9.2.1}{\376\377\0008\000.\0009\000.\0002\000.\0001\000\040\000a\000c\000t\000i\000v\000e\000D\000a\000t\000a\000b\000a\000s\000e}{subsection.8.9.2}% 123
\BOOKMARK [3][-]{subsubsection.8.9.2.2}{\376\377\0008\000.\0009\000.\0002\000.\0002\000\040\000a\000c\000t\000i\000v\000e\000T\000a\000b\000l\000e\000N\000a\000m\000e}{subsection.8.9.2}% 124
\BOOKMARK [3][-]{subsubsection.8.9.2.3}{\376\377\0008\000.\0009\000.\0002\000.\0003\000\040\000c\000l\000e\000a\000r\000C\000o\000m\000m\000a\000n\000d}{subsection.8.9.2}% 125
\BOOKMARK [3][-]{subsubsection.8.9.2.4}{\376\377\0008\000.\0009\000.\0002\000.\0004\000\040\000d\000a\000t\000a\000b\000a\000s\000e\000P\000a\000t\000h}{subsection.8.9.2}% 126
\BOOKMARK [3][-]{subsubsection.8.9.2.5}{\376\377\0008\000.\0009\000.\0002\000.\0005\000\040\000i\000n\000p\000u\000t\0001}{subsection.8.9.2}% 127
\BOOKMARK [3][-]{subsubsection.8.9.2.6}{\376\377\0008\000.\0009\000.\0002\000.\0006\000\040\000l\000a\000n\000g\000u\000a\000g\000e\000C\000h\000a\000n\000g\000e\000d}{subsection.8.9.2}% 128
\BOOKMARK [3][-]{subsubsection.8.9.2.7}{\376\377\0008\000.\0009\000.\0002\000.\0007\000\040\000l\000a\000n\000g\000u\000a\000g\000e\000I\000n\000d\000e\000x}{subsection.8.9.2}% 129
\BOOKMARK [3][-]{subsubsection.8.9.2.8}{\376\377\0008\000.\0009\000.\0002\000.\0008\000\040\000l\000a\000s\000t\000S\000q\000l\000E\000r\000r\000o\000r}{subsection.8.9.2}% 130
\BOOKMARK [3][-]{subsubsection.8.9.2.9}{\376\377\0008\000.\0009\000.\0002\000.\0009\000\040\000l\000a\000s\000t\000T\000a\000b\000l\000e\000E\000r\000r\000o\000r}{subsection.8.9.2}% 131
\BOOKMARK [3][-]{subsubsection.8.9.2.10}{\376\377\0008\000.\0009\000.\0002\000.\0001\0000\000\040\000o\000b\000j\000e\000c\000t\000H\000a\000n\000d\000l\000e\000r}{subsection.8.9.2}% 132
\BOOKMARK [3][-]{subsubsection.8.9.2.11}{\376\377\0008\000.\0009\000.\0002\000.\0001\0001\000\040\000p\000t\000r\000A\000c\000t\000i\000v\000e\000D\000a\000t\000a\000b\000a\000s\000e}{subsection.8.9.2}% 133
\BOOKMARK [3][-]{subsubsection.8.9.2.12}{\376\377\0008\000.\0009\000.\0002\000.\0001\0002\000\040\000p\000t\000r\000A\000p\000p\000l\000i\000c\000a\000t\000i\000o\000n\000\040\000[\0001\000/\0002\000]}{subsection.8.9.2}% 134
\BOOKMARK [3][-]{subsubsection.8.9.2.13}{\376\377\0008\000.\0009\000.\0002\000.\0001\0003\000\040\000p\000t\000r\000A\000p\000p\000l\000i\000c\000a\000t\000i\000o\000n\000\040\000[\0002\000/\0002\000]}{subsection.8.9.2}% 135
\BOOKMARK [3][-]{subsubsection.8.9.2.14}{\376\377\0008\000.\0009\000.\0002\000.\0001\0004\000\040\000p\000t\000r\000D\000b\000H\000a\000n\000d\000l\000e\000r\000\040\000[\0001\000/\0002\000]}{subsection.8.9.2}% 136
\BOOKMARK [3][-]{subsubsection.8.9.2.15}{\376\377\0008\000.\0009\000.\0002\000.\0001\0005\000\040\000p\000t\000r\000D\000b\000H\000a\000n\000d\000l\000e\000r\000\040\000[\0002\000/\0002\000]}{subsection.8.9.2}% 137
\BOOKMARK [3][-]{subsubsection.8.9.2.16}{\376\377\0008\000.\0009\000.\0002\000.\0001\0006\000\040\000p\000t\000r\000D\000e\000v\000W\000i\000n\000d\000o\000w}{subsection.8.9.2}% 138
\BOOKMARK [3][-]{subsubsection.8.9.2.17}{\376\377\0008\000.\0009\000.\0002\000.\0001\0007\000\040\000p\000t\000r\000L\000a\000u\000n\000c\000h\000e\000r\000W\000i\000n\000d\000o\000w}{subsection.8.9.2}% 139
\BOOKMARK [3][-]{subsubsection.8.9.2.18}{\376\377\0008\000.\0009\000.\0002\000.\0001\0008\000\040\000p\000t\000r\000O\000b\000j\000e\000c\000t\000H\000a\000n\000d\000l\000e\000r\000\040\000[\0001\000/\0004\000]}{subsection.8.9.2}% 140
\BOOKMARK [3][-]{subsubsection.8.9.2.19}{\376\377\0008\000.\0009\000.\0002\000.\0001\0009\000\040\000p\000t\000r\000O\000b\000j\000e\000c\000t\000H\000a\000n\000d\000l\000e\000r\000\040\000[\0002\000/\0004\000]}{subsection.8.9.2}% 141
\BOOKMARK [3][-]{subsubsection.8.9.2.20}{\376\377\0008\000.\0009\000.\0002\000.\0002\0000\000\040\000p\000t\000r\000O\000b\000j\000e\000c\000t\000H\000a\000n\000d\000l\000e\000r\000\040\000[\0003\000/\0004\000]}{subsection.8.9.2}% 142
\BOOKMARK [3][-]{subsubsection.8.9.2.21}{\376\377\0008\000.\0009\000.\0002\000.\0002\0001\000\040\000p\000t\000r\000O\000b\000j\000e\000c\000t\000H\000a\000n\000d\000l\000e\000r\000\040\000[\0004\000/\0004\000]}{subsection.8.9.2}% 143
\BOOKMARK [3][-]{subsubsection.8.9.2.22}{\376\377\0008\000.\0009\000.\0002\000.\0002\0002\000\040\000p\000t\000r\000S\000e\000t\000t\000i\000n\000g\000s\000W\000i\000n\000d\000o\000w}{subsection.8.9.2}% 144
\BOOKMARK [3][-]{subsubsection.8.9.2.23}{\376\377\0008\000.\0009\000.\0002\000.\0002\0003\000\040\000p\000t\000r\000T\000a\000b\000l\000e\000H\000a\000n\000d\000l\000e\000r}{subsection.8.9.2}% 145
\BOOKMARK [3][-]{subsubsection.8.9.2.24}{\376\377\0008\000.\0009\000.\0002\000.\0002\0004\000\040\000p\000t\000r\000T\000a\000b\000l\000e\000M\000o\000d\000e\000l}{subsection.8.9.2}% 146
\BOOKMARK [3][-]{subsubsection.8.9.2.25}{\376\377\0008\000.\0009\000.\0002\000.\0002\0005\000\040\000p\000t\000r\000T\000r\000a\000n\000s\000l\000a\000t\000o\000r}{subsection.8.9.2}% 147
\BOOKMARK [3][-]{subsubsection.8.9.2.26}{\376\377\0008\000.\0009\000.\0002\000.\0002\0006\000\040\000t\000e\000m\000p\000L\000a\000n\000g\000u\000a\000g\000e\000I\000n\000d\000e\000x}{subsection.8.9.2}% 148
\BOOKMARK [3][-]{subsubsection.8.9.2.27}{\376\377\0008\000.\0009\000.\0002\000.\0002\0007\000\040\000u\000i\000\040\000[\0001\000/\0003\000]}{subsection.8.9.2}% 149
\BOOKMARK [3][-]{subsubsection.8.9.2.28}{\376\377\0008\000.\0009\000.\0002\000.\0002\0008\000\040\000u\000i\000\040\000[\0002\000/\0003\000]}{subsection.8.9.2}% 150
\BOOKMARK [3][-]{subsubsection.8.9.2.29}{\376\377\0008\000.\0009\000.\0002\000.\0002\0009\000\040\000u\000i\000\040\000[\0003\000/\0003\000]}{subsection.8.9.2}% 151
\BOOKMARK [0][-]{chapter.9}{\376\377\0009\000\040\000N\000a\000m\000e\000s\000p\000a\000c\000e\000\040\000D\000o\000c\000u\000m\000e\000n\000t\000a\000t\000i\000o\000n}{}% 152
\BOOKMARK [1][-]{section.9.1}{\376\377\0009\000.\0001\000\040\000A\000p\000o\000s\000B\000a\000c\000k\000e\000n\000d\000\040\000N\000a\000m\000e\000s\000p\000a\000c\000e\000\040\000R\000e\000f\000e\000r\000e\000n\000c\000e}{chapter.9}% 153
\BOOKMARK [1][-]{section.9.2}{\376\377\0009\000.\0002\000\040\000A\000p\000o\000s\000D\000a\000t\000a\000b\000a\000s\000e\000\040\000N\000a\000m\000e\000s\000p\000a\000c\000e\000\040\000R\000e\000f\000e\000r\000e\000n\000c\000e}{chapter.9}% 154
\BOOKMARK [1][-]{section.9.3}{\376\377\0009\000.\0003\000\040\000A\000p\000o\000s\000F\000r\000o\000n\000t\000e\000n\000d\000\040\000N\000a\000m\000e\000s\000p\000a\000c\000e\000\040\000R\000e\000f\000e\000r\000e\000n\000c\000e}{chapter.9}% 155
\BOOKMARK [1][-]{section.9.4}{\376\377\0009\000.\0004\000\040\000A\000p\000p\000I\000n\000i\000t\000i\000a\000l\000i\000z\000a\000t\000i\000o\000n\000\040\000N\000a\000m\000e\000s\000p\000a\000c\000e\000\040\000R\000e\000f\000e\000r\000e\000n\000c\000e}{chapter.9}% 156
\BOOKMARK [2][-]{subsection.9.4.1}{\376\377\0009\000.\0004\000.\0001\000\040\000D\000e\000t\000a\000i\000l\000e\000d\000\040\000D\000e\000s\000c\000r\000i\000p\000t\000i\000o\000n}{section.9.4}% 157
\BOOKMARK [2][-]{subsection.9.4.2}{\376\377\0009\000.\0004\000.\0002\000\040\000F\000u\000n\000c\000t\000i\000o\000n\000\040\000D\000o\000c\000u\000m\000e\000n\000t\000a\000t\000i\000o\000n}{section.9.4}% 158
\BOOKMARK [3][-]{subsubsection.9.4.2.1}{\376\377\0009\000.\0004\000.\0002\000.\0001\000\040\000i\000n\000i\000t\000i\000a\000l\000i\000z\000e\000O\000b\000j\000e\000c\000t\000H\000a\000n\000d\000l\000e\000r\000\050\000\051}{subsection.9.4.2}% 159
\BOOKMARK [3][-]{subsubsection.9.4.2.2}{\376\377\0009\000.\0004\000.\0002\000.\0002\000\040\000i\000n\000i\000t\000i\000a\000l\000i\000z\000e\000S\000t\000a\000r\000t\000u\000p\000H\000a\000n\000d\000l\000e\000r\000\050\000\051}{subsection.9.4.2}% 160
\BOOKMARK [3][-]{subsubsection.9.4.2.3}{\376\377\0009\000.\0004\000.\0002\000.\0003\000\040\000i\000n\000i\000t\000i\000a\000l\000i\000z\000e\000W\000i\000n\000d\000o\000w\000H\000a\000n\000d\000l\000e\000r\000\050\000\051}{subsection.9.4.2}% 161
\BOOKMARK [1][-]{section.9.5}{\376\377\0009\000.\0005\000\040\000U\000i\000\040\000N\000a\000m\000e\000s\000p\000a\000c\000e\000\040\000R\000e\000f\000e\000r\000e\000n\000c\000e}{chapter.9}% 162
\BOOKMARK [0][-]{chapter.10}{\376\377\0001\0000\000\040\000C\000l\000a\000s\000s\000\040\000D\000o\000c\000u\000m\000e\000n\000t\000a\000t\000i\000o\000n}{}% 163
\BOOKMARK [1][-]{section.10.1}{\376\377\0001\0000\000.\0001\000\040\000A\000p\000o\000s\000B\000a\000c\000k\000e\000n\000d\000:\000:\000O\000b\000j\000e\000c\000t\000H\000a\000n\000d\000l\000e\000r\000\040\000C\000l\000a\000s\000s\000\040\000R\000e\000f\000e\000r\000e\000n\000c\000e}{chapter.10}% 164
\BOOKMARK [2][-]{subsection.10.1.1}{\376\377\0001\0000\000.\0001\000.\0001\000\040\000D\000e\000t\000a\000i\000l\000e\000d\000\040\000D\000e\000s\000c\000r\000i\000p\000t\000i\000o\000n}{section.10.1}% 165
\BOOKMARK [2][-]{subsection.10.1.2}{\376\377\0001\0000\000.\0001\000.\0002\000\040\000M\000e\000m\000b\000e\000r\000\040\000F\000u\000n\000c\000t\000i\000o\000n\000\040\000D\000o\000c\000u\000m\000e\000n\000t\000a\000t\000i\000o\000n}{section.10.1}% 166
\BOOKMARK [3][-]{subsubsection.10.1.2.1}{\376\377\0001\0000\000.\0001\000.\0002\000.\0001\000\040\000g\000e\000t\000A\000c\000t\000i\000v\000e\000D\000a\000t\000a\000b\000a\000s\000e\000\050\000\051}{subsection.10.1.2}% 167
\BOOKMARK [3][-]{subsubsection.10.1.2.2}{\376\377\0001\0000\000.\0001\000.\0002\000.\0002\000\040\000g\000e\000t\000A\000c\000t\000i\000v\000e\000T\000a\000b\000l\000e\000N\000a\000m\000e\000\050\000\051}{subsection.10.1.2}% 168
\BOOKMARK [3][-]{subsubsection.10.1.2.3}{\376\377\0001\0000\000.\0001\000.\0002\000.\0003\000\040\000g\000e\000t\000P\000t\000r\000A\000p\000p\000l\000i\000c\000a\000t\000i\000o\000n\000\050\000\051}{subsection.10.1.2}% 169
\BOOKMARK [3][-]{subsubsection.10.1.2.4}{\376\377\0001\0000\000.\0001\000.\0002\000.\0004\000\040\000g\000e\000t\000P\000t\000r\000D\000b\000H\000a\000n\000d\000l\000e\000r\000\050\000\051}{subsection.10.1.2}% 170
\BOOKMARK [3][-]{subsubsection.10.1.2.5}{\376\377\0001\0000\000.\0001\000.\0002\000.\0005\000\040\000g\000e\000t\000P\000t\000r\000T\000a\000b\000l\000e\000H\000a\000n\000d\000l\000e\000r\000\050\000\051}{subsection.10.1.2}% 171
\BOOKMARK [3][-]{subsubsection.10.1.2.6}{\376\377\0001\0000\000.\0001\000.\0002\000.\0006\000\040\000g\000e\000t\000T\000a\000b\000l\000e\000S\000q\000l\000E\000r\000r\000o\000r\000\050\000\051}{subsection.10.1.2}% 172
\BOOKMARK [3][-]{subsubsection.10.1.2.7}{\376\377\0001\0000\000.\0001\000.\0002\000.\0007\000\040\000s\000e\000t\000A\000c\000t\000i\000v\000e\000T\000a\000b\000l\000e\000N\000a\000m\000e\000\050\000\051}{subsection.10.1.2}% 173
\BOOKMARK [1][-]{section.10.2}{\376\377\0001\0000\000.\0002\000\040\000A\000p\000o\000s\000B\000a\000c\000k\000e\000n\000d\000:\000:\000S\000t\000a\000r\000t\000u\000p\000H\000a\000n\000d\000l\000e\000r\000\040\000C\000l\000a\000s\000s\000\040\000R\000e\000f\000e\000r\000e\000n\000c\000e}{chapter.10}% 174
\BOOKMARK [2][-]{subsection.10.2.1}{\376\377\0001\0000\000.\0002\000.\0001\000\040\000D\000e\000t\000a\000i\000l\000e\000d\000\040\000D\000e\000s\000c\000r\000i\000p\000t\000i\000o\000n}{section.10.2}% 175
\BOOKMARK [1][-]{section.10.3}{\376\377\0001\0000\000.\0003\000\040\000A\000p\000o\000s\000D\000a\000t\000a\000b\000a\000s\000e\000:\000:\000D\000a\000t\000a\000b\000a\000s\000e\000H\000a\000n\000d\000l\000e\000r\000\040\000C\000l\000a\000s\000s\000\040\000R\000e\000f\000e\000r\000e\000n\000c\000e}{chapter.10}% 176
\BOOKMARK [2][-]{subsection.10.3.1}{\376\377\0001\0000\000.\0003\000.\0001\000\040\000D\000e\000t\000a\000i\000l\000e\000d\000\040\000D\000e\000s\000c\000r\000i\000p\000t\000i\000o\000n}{section.10.3}% 177
\BOOKMARK [2][-]{subsection.10.3.2}{\376\377\0001\0000\000.\0003\000.\0002\000\040\000M\000e\000m\000b\000e\000r\000\040\000F\000u\000n\000c\000t\000i\000o\000n\000\040\000D\000o\000c\000u\000m\000e\000n\000t\000a\000t\000i\000o\000n}{section.10.3}% 178
\BOOKMARK [3][-]{subsubsection.10.3.2.1}{\376\377\0001\0000\000.\0003\000.\0002\000.\0001\000\040\000g\000e\000t\000A\000c\000t\000i\000v\000e\000D\000a\000t\000a\000b\000a\000s\000e\000\050\000\051}{subsection.10.3.2}% 179
\BOOKMARK [3][-]{subsubsection.10.3.2.2}{\376\377\0001\0000\000.\0003\000.\0002\000.\0002\000\040\000g\000e\000t\000S\000q\000l\000E\000r\000r\000o\000r\000\050\000\051}{subsection.10.3.2}% 180
\BOOKMARK [1][-]{section.10.4}{\376\377\0001\0000\000.\0004\000\040\000A\000p\000o\000s\000D\000a\000t\000a\000b\000a\000s\000e\000:\000:\000T\000a\000b\000l\000e\000H\000a\000n\000d\000l\000e\000r\000\040\000C\000l\000a\000s\000s\000\040\000R\000e\000f\000e\000r\000e\000n\000c\000e}{chapter.10}% 181
\BOOKMARK [2][-]{subsection.10.4.1}{\376\377\0001\0000\000.\0004\000.\0001\000\040\000D\000e\000t\000a\000i\000l\000e\000d\000\040\000D\000e\000s\000c\000r\000i\000p\000t\000i\000o\000n}{section.10.4}% 182
\BOOKMARK [2][-]{subsection.10.4.2}{\376\377\0001\0000\000.\0004\000.\0002\000\040\000M\000e\000m\000b\000e\000r\000\040\000F\000u\000n\000c\000t\000i\000o\000n\000\040\000D\000o\000c\000u\000m\000e\000n\000t\000a\000t\000i\000o\000n}{section.10.4}% 183
\BOOKMARK [3][-]{subsubsection.10.4.2.1}{\376\377\0001\0000\000.\0004\000.\0002\000.\0001\000\040\000g\000e\000t\000A\000c\000t\000i\000v\000e\000T\000a\000b\000l\000e\000N\000a\000m\000e\000\050\000\051}{subsection.10.4.2}% 184
\BOOKMARK [3][-]{subsubsection.10.4.2.2}{\376\377\0001\0000\000.\0004\000.\0002\000.\0002\000\040\000g\000e\000t\000L\000a\000s\000t\000T\000a\000b\000l\000e\000E\000r\000r\000o\000r\000\050\000\051}{subsection.10.4.2}% 185
\BOOKMARK [3][-]{subsubsection.10.4.2.3}{\376\377\0001\0000\000.\0004\000.\0002\000.\0003\000\040\000g\000e\000t\000T\000a\000b\000l\000e\000M\000o\000d\000e\000l\000\050\000\051}{subsection.10.4.2}% 186
\BOOKMARK [3][-]{subsubsection.10.4.2.4}{\376\377\0001\0000\000.\0004\000.\0002\000.\0004\000\040\000s\000e\000t\000A\000c\000t\000i\000v\000e\000T\000a\000b\000l\000e\000N\000a\000m\000e\000\050\000\051}{subsection.10.4.2}% 187
\BOOKMARK [1][-]{section.10.5}{\376\377\0001\0000\000.\0005\000\040\000A\000p\000o\000s\000F\000r\000o\000n\000t\000e\000n\000d\000:\000:\000D\000e\000v\000W\000i\000n\000d\000o\000w\000\040\000C\000l\000a\000s\000s\000\040\000R\000e\000f\000e\000r\000e\000n\000c\000e}{chapter.10}% 188
\BOOKMARK [2][-]{subsection.10.5.1}{\376\377\0001\0000\000.\0005\000.\0001\000\040\000D\000e\000t\000a\000i\000l\000e\000d\000\040\000D\000e\000s\000c\000r\000i\000p\000t\000i\000o\000n}{section.10.5}% 189
\BOOKMARK [2][-]{subsection.10.5.2}{\376\377\0001\0000\000.\0005\000.\0002\000\040\000M\000e\000m\000b\000e\000r\000\040\000F\000u\000n\000c\000t\000i\000o\000n\000\040\000D\000o\000c\000u\000m\000e\000n\000t\000a\000t\000i\000o\000n}{section.10.5}% 190
\BOOKMARK [3][-]{subsubsection.10.5.2.1}{\376\377\0001\0000\000.\0005\000.\0002\000.\0001\000\040\000d\000e\000v\000C\000o\000n\000n\000e\000c\000t\000U\000i\000\050\000\051}{subsection.10.5.2}% 191
\BOOKMARK [3][-]{subsubsection.10.5.2.2}{\376\377\0001\0000\000.\0005\000.\0002\000.\0002\000\040\000l\000o\000g\000E\000v\000e\000n\000t\000\050\000\051}{subsection.10.5.2}% 192
\BOOKMARK [2][-]{subsection.10.5.3}{\376\377\0001\0000\000.\0005\000.\0003\000\040\000M\000e\000m\000b\000e\000r\000\040\000D\000a\000t\000a\000\040\000D\000o\000c\000u\000m\000e\000n\000t\000a\000t\000i\000o\000n}{section.10.5}% 193
\BOOKMARK [3][-]{subsubsection.10.5.3.1}{\376\377\0001\0000\000.\0005\000.\0003\000.\0001\000\040\000c\000l\000e\000a\000r\000I\000n\000p\000u\000t}{subsection.10.5.3}% 194
\BOOKMARK [3][-]{subsubsection.10.5.3.2}{\376\377\0001\0000\000.\0005\000.\0003\000.\0002\000\040\000i\000n\000p\000u\000t\0002}{subsection.10.5.3}% 195
\BOOKMARK [3][-]{subsubsection.10.5.3.3}{\376\377\0001\0000\000.\0005\000.\0003\000.\0003\000\040\000i\000n\000p\000u\000t\0003}{subsection.10.5.3}% 196
\BOOKMARK [3][-]{subsubsection.10.5.3.4}{\376\377\0001\0000\000.\0005\000.\0003\000.\0004\000\040\000i\000n\000p\000u\000t\0004}{subsection.10.5.3}% 197
\BOOKMARK [3][-]{subsubsection.10.5.3.5}{\376\377\0001\0000\000.\0005\000.\0003\000.\0005\000\040\000i\000n\000p\000u\000t\0005}{subsection.10.5.3}% 198
\BOOKMARK [1][-]{section.10.6}{\376\377\0001\0000\000.\0006\000\040\000A\000p\000o\000s\000F\000r\000o\000n\000t\000e\000n\000d\000:\000:\000L\000a\000u\000n\000c\000h\000e\000r\000W\000i\000n\000d\000o\000w\000\040\000C\000l\000a\000s\000s\000\040\000R\000e\000f\000e\000r\000e\000n\000c\000e}{chapter.10}% 199
\BOOKMARK [2][-]{subsection.10.6.1}{\376\377\0001\0000\000.\0006\000.\0001\000\040\000D\000e\000t\000a\000i\000l\000e\000d\000\040\000D\000e\000s\000c\000r\000i\000p\000t\000i\000o\000n}{section.10.6}% 200
\BOOKMARK [2][-]{subsection.10.6.2}{\376\377\0001\0000\000.\0006\000.\0002\000\040\000M\000e\000m\000b\000e\000r\000\040\000F\000u\000n\000c\000t\000i\000o\000n\000\040\000D\000o\000c\000u\000m\000e\000n\000t\000a\000t\000i\000o\000n}{section.10.6}% 201
\BOOKMARK [3][-]{subsubsection.10.6.2.1}{\376\377\0001\0000\000.\0006\000.\0002\000.\0001\000\040\000l\000a\000u\000n\000c\000h\000e\000r\000C\000o\000n\000n\000e\000c\000t\000U\000i\000\050\000\051}{subsection.10.6.2}% 202
\BOOKMARK [1][-]{section.10.7}{\376\377\0001\0000\000.\0007\000\040\000A\000p\000o\000s\000F\000r\000o\000n\000t\000e\000n\000d\000:\000:\000S\000e\000t\000t\000i\000n\000g\000s\000W\000i\000n\000d\000o\000w\000\040\000C\000l\000a\000s\000s\000\040\000R\000e\000f\000e\000r\000e\000n\000c\000e}{chapter.10}% 203
\BOOKMARK [2][-]{subsection.10.7.1}{\376\377\0001\0000\000.\0007\000.\0001\000\040\000D\000e\000t\000a\000i\000l\000e\000d\000\040\000D\000e\000s\000c\000r\000i\000p\000t\000i\000o\000n}{section.10.7}% 204
\BOOKMARK [2][-]{subsection.10.7.2}{\376\377\0001\0000\000.\0007\000.\0002\000\040\000M\000e\000m\000b\000e\000r\000\040\000F\000u\000n\000c\000t\000i\000o\000n\000\040\000D\000o\000c\000u\000m\000e\000n\000t\000a\000t\000i\000o\000n}{section.10.7}% 205
\BOOKMARK [3][-]{subsubsection.10.7.2.1}{\376\377\0001\0000\000.\0007\000.\0002\000.\0001\000\040\000a\000p\000p\000l\000y\000A\000n\000d\000C\000l\000o\000s\000e\000C\000l\000i\000c\000k\000e\000d}{subsection.10.7.2}% 206
\BOOKMARK [3][-]{subsubsection.10.7.2.2}{\376\377\0001\0000\000.\0007\000.\0002\000.\0002\000\040\000s\000e\000t\000t\000i\000n\000g\000s\000C\000o\000n\000n\000e\000c\000t\000U\000i\000\050\000\051}{subsection.10.7.2}% 207
\BOOKMARK [1][-]{section.10.8}{\376\377\0001\0000\000.\0008\000\040\000A\000p\000o\000s\000F\000r\000o\000n\000t\000e\000n\000d\000:\000:\000T\000r\000a\000n\000s\000l\000a\000t\000a\000b\000l\000e\000W\000i\000n\000d\000o\000w\000\040\000C\000l\000a\000s\000s\000\040\000R\000e\000f\000e\000r\000e\000n\000c\000e}{chapter.10}% 208
\BOOKMARK [2][-]{subsection.10.8.1}{\376\377\0001\0000\000.\0008\000.\0001\000\040\000D\000e\000t\000a\000i\000l\000e\000d\000\040\000D\000e\000s\000c\000r\000i\000p\000t\000i\000o\000n}{section.10.8}% 209
\BOOKMARK [1][-]{section.10.9}{\376\377\0001\0000\000.\0009\000\040\000A\000p\000o\000s\000F\000r\000o\000n\000t\000e\000n\000d\000:\000:\000W\000i\000n\000d\000o\000w\000H\000a\000n\000d\000l\000e\000r\000\040\000C\000l\000a\000s\000s\000\040\000R\000e\000f\000e\000r\000e\000n\000c\000e}{chapter.10}% 210
\BOOKMARK [2][-]{subsection.10.9.1}{\376\377\0001\0000\000.\0009\000.\0001\000\040\000D\000e\000t\000a\000i\000l\000e\000d\000\040\000D\000e\000s\000c\000r\000i\000p\000t\000i\000o\000n}{section.10.9}% 211
\BOOKMARK [0][-]{chapter.11}{\376\377\0001\0001\000\040\000F\000i\000l\000e\000\040\000D\000o\000c\000u\000m\000e\000n\000t\000a\000t\000i\000o\000n}{}% 212
\BOOKMARK [1][-]{section.11.1}{\376\377\0001\0001\000.\0001\000\040\000C\000:\000/\000U\000s\000e\000r\000s\000/\000C\000l\000e\000a\000n\000/\000D\000o\000c\000u\000m\000e\000n\000t\000s\000/\000P\000r\000o\000j\000e\000k\000t\000e\000/\000A\000p\000o\000s\000-\000D\000a\000t\000a\000b\000a\000s\000e\000M\000a\000n\000a\000g\000e\000r\000/\000P\000r\000o\000j\000e\000c\000t\000/\000c\000l\000a\000s\000s\000e\000s\000/\000b\000a\000c\000k\000e\000n\000d\000C\000l\000a\000s\000s\000e\000s\000/\000o\000b\000j\000e\000c\000t\000h\000a\000n\000d\000l\000e\000r\000.\000c\000p\000p\000\040\000F\000i\000l\000e\000\040\000R\000e\000f\000e\000r\000e\000n\000c\000e}{chapter.11}% 213
\BOOKMARK [2][-]{subsection.11.1.1}{\376\377\0001\0001\000.\0001\000.\0001\000\040\000D\000e\000t\000a\000i\000l\000e\000d\000\040\000D\000e\000s\000c\000r\000i\000p\000t\000i\000o\000n}{section.11.1}% 214
\BOOKMARK [1][-]{section.11.2}{\376\377\0001\0001\000.\0002\000\040\000o\000b\000j\000e\000c\000t\000h\000a\000n\000d\000l\000e\000r\000.\000c\000p\000p}{chapter.11}% 215
\BOOKMARK [1][-]{section.11.3}{\376\377\0001\0001\000.\0003\000\040\000C\000:\000/\000U\000s\000e\000r\000s\000/\000C\000l\000e\000a\000n\000/\000D\000o\000c\000u\000m\000e\000n\000t\000s\000/\000P\000r\000o\000j\000e\000k\000t\000e\000/\000A\000p\000o\000s\000-\000D\000a\000t\000a\000b\000a\000s\000e\000M\000a\000n\000a\000g\000e\000r\000/\000P\000r\000o\000j\000e\000c\000t\000/\000c\000l\000a\000s\000s\000e\000s\000/\000b\000a\000c\000k\000e\000n\000d\000C\000l\000a\000s\000s\000e\000s\000/\000o\000b\000j\000e\000c\000t\000h\000a\000n\000d\000l\000e\000r\000.\000h\000p\000p\000\040\000F\000i\000l\000e\000\040\000R\000e\000f\000e\000r\000e\000n\000c\000e}{chapter.11}% 216
\BOOKMARK [2][-]{subsection.11.3.1}{\376\377\0001\0001\000.\0003\000.\0001\000\040\000D\000e\000t\000a\000i\000l\000e\000d\000\040\000D\000e\000s\000c\000r\000i\000p\000t\000i\000o\000n}{section.11.3}% 217
\BOOKMARK [1][-]{section.11.4}{\376\377\0001\0001\000.\0004\000\040\000o\000b\000j\000e\000c\000t\000h\000a\000n\000d\000l\000e\000r\000.\000h\000p\000p}{chapter.11}% 218
\BOOKMARK [1][-]{section.11.5}{\376\377\0001\0001\000.\0005\000\040\000C\000:\000/\000U\000s\000e\000r\000s\000/\000C\000l\000e\000a\000n\000/\000D\000o\000c\000u\000m\000e\000n\000t\000s\000/\000P\000r\000o\000j\000e\000k\000t\000e\000/\000A\000p\000o\000s\000-\000D\000a\000t\000a\000b\000a\000s\000e\000M\000a\000n\000a\000g\000e\000r\000/\000P\000r\000o\000j\000e\000c\000t\000/\000c\000l\000a\000s\000s\000e\000s\000/\000b\000a\000c\000k\000e\000n\000d\000C\000l\000a\000s\000s\000e\000s\000/\000s\000t\000a\000r\000t\000u\000p\000h\000a\000n\000d\000l\000e\000r\000.\000c\000p\000p\000\040\000F\000i\000l\000e\000\040\000R\000e\000f\000e\000r\000e\000n\000c\000e}{chapter.11}% 219
\BOOKMARK [2][-]{subsection.11.5.1}{\376\377\0001\0001\000.\0005\000.\0001\000\040\000D\000e\000t\000a\000i\000l\000e\000d\000\040\000D\000e\000s\000c\000r\000i\000p\000t\000i\000o\000n}{section.11.5}% 220
\BOOKMARK [1][-]{section.11.6}{\376\377\0001\0001\000.\0006\000\040\000s\000t\000a\000r\000t\000u\000p\000h\000a\000n\000d\000l\000e\000r\000.\000c\000p\000p}{chapter.11}% 221
\BOOKMARK [1][-]{section.11.7}{\376\377\0001\0001\000.\0007\000\040\000C\000:\000/\000U\000s\000e\000r\000s\000/\000C\000l\000e\000a\000n\000/\000D\000o\000c\000u\000m\000e\000n\000t\000s\000/\000P\000r\000o\000j\000e\000k\000t\000e\000/\000A\000p\000o\000s\000-\000D\000a\000t\000a\000b\000a\000s\000e\000M\000a\000n\000a\000g\000e\000r\000/\000P\000r\000o\000j\000e\000c\000t\000/\000c\000l\000a\000s\000s\000e\000s\000/\000b\000a\000c\000k\000e\000n\000d\000C\000l\000a\000s\000s\000e\000s\000/\000s\000t\000a\000r\000t\000u\000p\000h\000a\000n\000d\000l\000e\000r\000.\000h\000p\000p\000\040\000F\000i\000l\000e\000\040\000R\000e\000f\000e\000r\000e\000n\000c\000e}{chapter.11}% 222
\BOOKMARK [2][-]{subsection.11.7.1}{\376\377\0001\0001\000.\0007\000.\0001\000\040\000D\000e\000t\000a\000i\000l\000e\000d\000\040\000D\000e\000s\000c\000r\000i\000p\000t\000i\000o\000n}{section.11.7}% 223
\BOOKMARK [1][-]{section.11.8}{\376\377\0001\0001\000.\0008\000\040\000s\000t\000a\000r\000t\000u\000p\000h\000a\000n\000d\000l\000e\000r\000.\000h\000p\000p}{chapter.11}% 224
\BOOKMARK [1][-]{section.11.9}{\376\377\0001\0001\000.\0009\000\040\000C\000:\000/\000U\000s\000e\000r\000s\000/\000C\000l\000e\000a\000n\000/\000D\000o\000c\000u\000m\000e\000n\000t\000s\000/\000P\000r\000o\000j\000e\000k\000t\000e\000/\000A\000p\000o\000s\000-\000D\000a\000t\000a\000b\000a\000s\000e\000M\000a\000n\000a\000g\000e\000r\000/\000P\000r\000o\000j\000e\000c\000t\000/\000c\000l\000a\000s\000s\000e\000s\000/\000d\000a\000t\000a\000b\000a\000s\000e\000C\000l\000a\000s\000s\000e\000s\000/\000d\000a\000t\000a\000b\000a\000s\000e\000h\000a\000n\000d\000l\000e\000r\000.\000c\000p\000p\000\040\000F\000i\000l\000e\000\040\000R\000e\000f\000e\000r\000e\000n\000c\000e}{chapter.11}% 225
\BOOKMARK [2][-]{subsection.11.9.1}{\376\377\0001\0001\000.\0009\000.\0001\000\040\000D\000e\000t\000a\000i\000l\000e\000d\000\040\000D\000e\000s\000c\000r\000i\000p\000t\000i\000o\000n}{section.11.9}% 226
\BOOKMARK [1][-]{section.11.10}{\376\377\0001\0001\000.\0001\0000\000\040\000d\000a\000t\000a\000b\000a\000s\000e\000h\000a\000n\000d\000l\000e\000r\000.\000c\000p\000p}{chapter.11}% 227
\BOOKMARK [1][-]{section.11.11}{\376\377\0001\0001\000.\0001\0001\000\040\000C\000:\000/\000U\000s\000e\000r\000s\000/\000C\000l\000e\000a\000n\000/\000D\000o\000c\000u\000m\000e\000n\000t\000s\000/\000P\000r\000o\000j\000e\000k\000t\000e\000/\000A\000p\000o\000s\000-\000D\000a\000t\000a\000b\000a\000s\000e\000M\000a\000n\000a\000g\000e\000r\000/\000P\000r\000o\000j\000e\000c\000t\000/\000c\000l\000a\000s\000s\000e\000s\000/\000d\000a\000t\000a\000b\000a\000s\000e\000C\000l\000a\000s\000s\000e\000s\000/\000d\000a\000t\000a\000b\000a\000s\000e\000h\000a\000n\000d\000l\000e\000r\000.\000h\000p\000p\000\040\000F\000i\000l\000e\000\040\000R\000e\000f\000e\000r\000e\000n\000c\000e}{chapter.11}% 228
\BOOKMARK [2][-]{subsection.11.11.1}{\376\377\0001\0001\000.\0001\0001\000.\0001\000\040\000D\000e\000t\000a\000i\000l\000e\000d\000\040\000D\000e\000s\000c\000r\000i\000p\000t\000i\000o\000n}{section.11.11}% 229
\BOOKMARK [1][-]{section.11.12}{\376\377\0001\0001\000.\0001\0002\000\040\000d\000a\000t\000a\000b\000a\000s\000e\000h\000a\000n\000d\000l\000e\000r\000.\000h\000p\000p}{chapter.11}% 230
\BOOKMARK [1][-]{section.11.13}{\376\377\0001\0001\000.\0001\0003\000\040\000C\000:\000/\000U\000s\000e\000r\000s\000/\000C\000l\000e\000a\000n\000/\000D\000o\000c\000u\000m\000e\000n\000t\000s\000/\000P\000r\000o\000j\000e\000k\000t\000e\000/\000A\000p\000o\000s\000-\000D\000a\000t\000a\000b\000a\000s\000e\000M\000a\000n\000a\000g\000e\000r\000/\000P\000r\000o\000j\000e\000c\000t\000/\000c\000l\000a\000s\000s\000e\000s\000/\000d\000a\000t\000a\000b\000a\000s\000e\000C\000l\000a\000s\000s\000e\000s\000/\000t\000a\000b\000l\000e\000h\000a\000n\000d\000l\000e\000r\000.\000c\000p\000p\000\040\000F\000i\000l\000e\000\040\000R\000e\000f\000e\000r\000e\000n\000c\000e}{chapter.11}% 231
\BOOKMARK [2][-]{subsection.11.13.1}{\376\377\0001\0001\000.\0001\0003\000.\0001\000\040\000D\000e\000t\000a\000i\000l\000e\000d\000\040\000D\000e\000s\000c\000r\000i\000p\000t\000i\000o\000n}{section.11.13}% 232
\BOOKMARK [1][-]{section.11.14}{\376\377\0001\0001\000.\0001\0004\000\040\000t\000a\000b\000l\000e\000h\000a\000n\000d\000l\000e\000r\000.\000c\000p\000p}{chapter.11}% 233
\BOOKMARK [1][-]{section.11.15}{\376\377\0001\0001\000.\0001\0005\000\040\000C\000:\000/\000U\000s\000e\000r\000s\000/\000C\000l\000e\000a\000n\000/\000D\000o\000c\000u\000m\000e\000n\000t\000s\000/\000P\000r\000o\000j\000e\000k\000t\000e\000/\000A\000p\000o\000s\000-\000D\000a\000t\000a\000b\000a\000s\000e\000M\000a\000n\000a\000g\000e\000r\000/\000P\000r\000o\000j\000e\000c\000t\000/\000c\000l\000a\000s\000s\000e\000s\000/\000d\000a\000t\000a\000b\000a\000s\000e\000C\000l\000a\000s\000s\000e\000s\000/\000t\000a\000b\000l\000e\000h\000a\000n\000d\000l\000e\000r\000.\000h\000p\000p\000\040\000F\000i\000l\000e\000\040\000R\000e\000f\000e\000r\000e\000n\000c\000e}{chapter.11}% 234
\BOOKMARK [2][-]{subsection.11.15.1}{\376\377\0001\0001\000.\0001\0005\000.\0001\000\040\000D\000e\000t\000a\000i\000l\000e\000d\000\040\000D\000e\000s\000c\000r\000i\000p\000t\000i\000o\000n}{section.11.15}% 235
\BOOKMARK [1][-]{section.11.16}{\376\377\0001\0001\000.\0001\0006\000\040\000t\000a\000b\000l\000e\000h\000a\000n\000d\000l\000e\000r\000.\000h\000p\000p}{chapter.11}% 236
\BOOKMARK [1][-]{section.11.17}{\376\377\0001\0001\000.\0001\0007\000\040\000C\000:\000/\000U\000s\000e\000r\000s\000/\000C\000l\000e\000a\000n\000/\000D\000o\000c\000u\000m\000e\000n\000t\000s\000/\000P\000r\000o\000j\000e\000k\000t\000e\000/\000A\000p\000o\000s\000-\000D\000a\000t\000a\000b\000a\000s\000e\000M\000a\000n\000a\000g\000e\000r\000/\000P\000r\000o\000j\000e\000c\000t\000/\000c\000l\000a\000s\000s\000e\000s\000/\000f\000r\000o\000n\000t\000e\000n\000d\000C\000l\000a\000s\000s\000e\000s\000/\000d\000e\000v\000w\000i\000n\000d\000o\000w\000.\000c\000p\000p\000\040\000F\000i\000l\000e\000\040\000R\000e\000f\000e\000r\000e\000n\000c\000e}{chapter.11}% 237
\BOOKMARK [2][-]{subsection.11.17.1}{\376\377\0001\0001\000.\0001\0007\000.\0001\000\040\000D\000e\000t\000a\000i\000l\000e\000d\000\040\000D\000e\000s\000c\000r\000i\000p\000t\000i\000o\000n}{section.11.17}% 238
\BOOKMARK [1][-]{section.11.18}{\376\377\0001\0001\000.\0001\0008\000\040\000d\000e\000v\000w\000i\000n\000d\000o\000w\000.\000c\000p\000p}{chapter.11}% 239
\BOOKMARK [1][-]{section.11.19}{\376\377\0001\0001\000.\0001\0009\000\040\000C\000:\000/\000U\000s\000e\000r\000s\000/\000C\000l\000e\000a\000n\000/\000D\000o\000c\000u\000m\000e\000n\000t\000s\000/\000P\000r\000o\000j\000e\000k\000t\000e\000/\000A\000p\000o\000s\000-\000D\000a\000t\000a\000b\000a\000s\000e\000M\000a\000n\000a\000g\000e\000r\000/\000P\000r\000o\000j\000e\000c\000t\000/\000c\000l\000a\000s\000s\000e\000s\000/\000f\000r\000o\000n\000t\000e\000n\000d\000C\000l\000a\000s\000s\000e\000s\000/\000d\000e\000v\000w\000i\000n\000d\000o\000w\000.\000h\000p\000p\000\040\000F\000i\000l\000e\000\040\000R\000e\000f\000e\000r\000e\000n\000c\000e}{chapter.11}% 240
\BOOKMARK [2][-]{subsection.11.19.1}{\376\377\0001\0001\000.\0001\0009\000.\0001\000\040\000D\000e\000t\000a\000i\000l\000e\000d\000\040\000D\000e\000s\000c\000r\000i\000p\000t\000i\000o\000n}{section.11.19}% 241
\BOOKMARK [1][-]{section.11.20}{\376\377\0001\0001\000.\0002\0000\000\040\000d\000e\000v\000w\000i\000n\000d\000o\000w\000.\000h\000p\000p}{chapter.11}% 242
\BOOKMARK [1][-]{section.11.21}{\376\377\0001\0001\000.\0002\0001\000\040\000C\000:\000/\000U\000s\000e\000r\000s\000/\000C\000l\000e\000a\000n\000/\000D\000o\000c\000u\000m\000e\000n\000t\000s\000/\000P\000r\000o\000j\000e\000k\000t\000e\000/\000A\000p\000o\000s\000-\000D\000a\000t\000a\000b\000a\000s\000e\000M\000a\000n\000a\000g\000e\000r\000/\000P\000r\000o\000j\000e\000c\000t\000/\000c\000l\000a\000s\000s\000e\000s\000/\000f\000r\000o\000n\000t\000e\000n\000d\000C\000l\000a\000s\000s\000e\000s\000/\000l\000a\000u\000n\000c\000h\000e\000r\000w\000i\000n\000d\000o\000w\000.\000c\000p\000p\000\040\000F\000i\000l\000e\000\040\000R\000e\000f\000e\000r\000e\000n\000c\000e}{chapter.11}% 243
\BOOKMARK [2][-]{subsection.11.21.1}{\376\377\0001\0001\000.\0002\0001\000.\0001\000\040\000D\000e\000t\000a\000i\000l\000e\000d\000\040\000D\000e\000s\000c\000r\000i\000p\000t\000i\000o\000n}{section.11.21}% 244
\BOOKMARK [1][-]{section.11.22}{\376\377\0001\0001\000.\0002\0002\000\040\000l\000a\000u\000n\000c\000h\000e\000r\000w\000i\000n\000d\000o\000w\000.\000c\000p\000p}{chapter.11}% 245
\BOOKMARK [1][-]{section.11.23}{\376\377\0001\0001\000.\0002\0003\000\040\000C\000:\000/\000U\000s\000e\000r\000s\000/\000C\000l\000e\000a\000n\000/\000D\000o\000c\000u\000m\000e\000n\000t\000s\000/\000P\000r\000o\000j\000e\000k\000t\000e\000/\000A\000p\000o\000s\000-\000D\000a\000t\000a\000b\000a\000s\000e\000M\000a\000n\000a\000g\000e\000r\000/\000P\000r\000o\000j\000e\000c\000t\000/\000c\000l\000a\000s\000s\000e\000s\000/\000f\000r\000o\000n\000t\000e\000n\000d\000C\000l\000a\000s\000s\000e\000s\000/\000l\000a\000u\000n\000c\000h\000e\000r\000w\000i\000n\000d\000o\000w\000.\000h\000p\000p\000\040\000F\000i\000l\000e\000\040\000R\000e\000f\000e\000r\000e\000n\000c\000e}{chapter.11}% 246
\BOOKMARK [2][-]{subsection.11.23.1}{\376\377\0001\0001\000.\0002\0003\000.\0001\000\040\000D\000e\000t\000a\000i\000l\000e\000d\000\040\000D\000e\000s\000c\000r\000i\000p\000t\000i\000o\000n}{section.11.23}% 247
\BOOKMARK [1][-]{section.11.24}{\376\377\0001\0001\000.\0002\0004\000\040\000l\000a\000u\000n\000c\000h\000e\000r\000w\000i\000n\000d\000o\000w\000.\000h\000p\000p}{chapter.11}% 248
\BOOKMARK [1][-]{section.11.25}{\376\377\0001\0001\000.\0002\0005\000\040\000C\000:\000/\000U\000s\000e\000r\000s\000/\000C\000l\000e\000a\000n\000/\000D\000o\000c\000u\000m\000e\000n\000t\000s\000/\000P\000r\000o\000j\000e\000k\000t\000e\000/\000A\000p\000o\000s\000-\000D\000a\000t\000a\000b\000a\000s\000e\000M\000a\000n\000a\000g\000e\000r\000/\000P\000r\000o\000j\000e\000c\000t\000/\000c\000l\000a\000s\000s\000e\000s\000/\000f\000r\000o\000n\000t\000e\000n\000d\000C\000l\000a\000s\000s\000e\000s\000/\000s\000e\000t\000t\000i\000n\000g\000s\000w\000i\000n\000d\000o\000w\000.\000c\000p\000p\000\040\000F\000i\000l\000e\000\040\000R\000e\000f\000e\000r\000e\000n\000c\000e}{chapter.11}% 249
\BOOKMARK [2][-]{subsection.11.25.1}{\376\377\0001\0001\000.\0002\0005\000.\0001\000\040\000D\000e\000t\000a\000i\000l\000e\000d\000\040\000D\000e\000s\000c\000r\000i\000p\000t\000i\000o\000n}{section.11.25}% 250
\BOOKMARK [1][-]{section.11.26}{\376\377\0001\0001\000.\0002\0006\000\040\000s\000e\000t\000t\000i\000n\000g\000s\000w\000i\000n\000d\000o\000w\000.\000c\000p\000p}{chapter.11}% 251
\BOOKMARK [1][-]{section.11.27}{\376\377\0001\0001\000.\0002\0007\000\040\000C\000:\000/\000U\000s\000e\000r\000s\000/\000C\000l\000e\000a\000n\000/\000D\000o\000c\000u\000m\000e\000n\000t\000s\000/\000P\000r\000o\000j\000e\000k\000t\000e\000/\000A\000p\000o\000s\000-\000D\000a\000t\000a\000b\000a\000s\000e\000M\000a\000n\000a\000g\000e\000r\000/\000P\000r\000o\000j\000e\000c\000t\000/\000c\000l\000a\000s\000s\000e\000s\000/\000f\000r\000o\000n\000t\000e\000n\000d\000C\000l\000a\000s\000s\000e\000s\000/\000s\000e\000t\000t\000i\000n\000g\000s\000w\000i\000n\000d\000o\000w\000.\000h\000p\000p\000\040\000F\000i\000l\000e\000\040\000R\000e\000f\000e\000r\000e\000n\000c\000e}{chapter.11}% 252
\BOOKMARK [2][-]{subsection.11.27.1}{\376\377\0001\0001\000.\0002\0007\000.\0001\000\040\000D\000e\000t\000a\000i\000l\000e\000d\000\040\000D\000e\000s\000c\000r\000i\000p\000t\000i\000o\000n}{section.11.27}% 253
\BOOKMARK [1][-]{section.11.28}{\376\377\0001\0001\000.\0002\0008\000\040\000s\000e\000t\000t\000i\000n\000g\000s\000w\000i\000n\000d\000o\000w\000.\000h\000p\000p}{chapter.11}% 254
\BOOKMARK [1][-]{section.11.29}{\376\377\0001\0001\000.\0002\0009\000\040\000C\000:\000/\000U\000s\000e\000r\000s\000/\000C\000l\000e\000a\000n\000/\000D\000o\000c\000u\000m\000e\000n\000t\000s\000/\000P\000r\000o\000j\000e\000k\000t\000e\000/\000A\000p\000o\000s\000-\000D\000a\000t\000a\000b\000a\000s\000e\000M\000a\000n\000a\000g\000e\000r\000/\000P\000r\000o\000j\000e\000c\000t\000/\000c\000l\000a\000s\000s\000e\000s\000/\000f\000r\000o\000n\000t\000e\000n\000d\000C\000l\000a\000s\000s\000e\000s\000/\000t\000r\000a\000n\000s\000l\000a\000t\000a\000b\000l\000e\000w\000i\000n\000d\000o\000w\000.\000c\000p\000p\000\040\000F\000i\000l\000e\000\040\000R\000e\000f\000e\000r\000e\000n\000c\000e}{chapter.11}% 255
\BOOKMARK [2][-]{subsection.11.29.1}{\376\377\0001\0001\000.\0002\0009\000.\0001\000\040\000D\000e\000t\000a\000i\000l\000e\000d\000\040\000D\000e\000s\000c\000r\000i\000p\000t\000i\000o\000n}{section.11.29}% 256
\BOOKMARK [1][-]{section.11.30}{\376\377\0001\0001\000.\0003\0000\000\040\000t\000r\000a\000n\000s\000l\000a\000t\000a\000b\000l\000e\000w\000i\000n\000d\000o\000w\000.\000c\000p\000p}{chapter.11}% 257
\BOOKMARK [1][-]{section.11.31}{\376\377\0001\0001\000.\0003\0001\000\040\000C\000:\000/\000U\000s\000e\000r\000s\000/\000C\000l\000e\000a\000n\000/\000D\000o\000c\000u\000m\000e\000n\000t\000s\000/\000P\000r\000o\000j\000e\000k\000t\000e\000/\000A\000p\000o\000s\000-\000D\000a\000t\000a\000b\000a\000s\000e\000M\000a\000n\000a\000g\000e\000r\000/\000P\000r\000o\000j\000e\000c\000t\000/\000c\000l\000a\000s\000s\000e\000s\000/\000f\000r\000o\000n\000t\000e\000n\000d\000C\000l\000a\000s\000s\000e\000s\000/\000t\000r\000a\000n\000s\000l\000a\000t\000a\000b\000l\000e\000w\000i\000n\000d\000o\000w\000.\000h\000p\000p\000\040\000F\000i\000l\000e\000\040\000R\000e\000f\000e\000r\000e\000n\000c\000e}{chapter.11}% 258
\BOOKMARK [2][-]{subsection.11.31.1}{\376\377\0001\0001\000.\0003\0001\000.\0001\000\040\000D\000e\000t\000a\000i\000l\000e\000d\000\040\000D\000e\000s\000c\000r\000i\000p\000t\000i\000o\000n}{section.11.31}% 259
\BOOKMARK [1][-]{section.11.32}{\376\377\0001\0001\000.\0003\0002\000\040\000t\000r\000a\000n\000s\000l\000a\000t\000a\000b\000l\000e\000w\000i\000n\000d\000o\000w\000.\000h\000p\000p}{chapter.11}% 260
\BOOKMARK [1][-]{section.11.33}{\376\377\0001\0001\000.\0003\0003\000\040\000C\000:\000/\000U\000s\000e\000r\000s\000/\000C\000l\000e\000a\000n\000/\000D\000o\000c\000u\000m\000e\000n\000t\000s\000/\000P\000r\000o\000j\000e\000k\000t\000e\000/\000A\000p\000o\000s\000-\000D\000a\000t\000a\000b\000a\000s\000e\000M\000a\000n\000a\000g\000e\000r\000/\000P\000r\000o\000j\000e\000c\000t\000/\000c\000l\000a\000s\000s\000e\000s\000/\000f\000r\000o\000n\000t\000e\000n\000d\000C\000l\000a\000s\000s\000e\000s\000/\000w\000i\000n\000d\000o\000w\000h\000a\000n\000d\000l\000e\000r\000.\000c\000p\000p\000\040\000F\000i\000l\000e\000\040\000R\000e\000f\000e\000r\000e\000n\000c\000e}{chapter.11}% 261
\BOOKMARK [2][-]{subsection.11.33.1}{\376\377\0001\0001\000.\0003\0003\000.\0001\000\040\000D\000e\000t\000a\000i\000l\000e\000d\000\040\000D\000e\000s\000c\000r\000i\000p\000t\000i\000o\000n}{section.11.33}% 262
\BOOKMARK [1][-]{section.11.34}{\376\377\0001\0001\000.\0003\0004\000\040\000w\000i\000n\000d\000o\000w\000h\000a\000n\000d\000l\000e\000r\000.\000c\000p\000p}{chapter.11}% 263
\BOOKMARK [1][-]{section.11.35}{\376\377\0001\0001\000.\0003\0005\000\040\000C\000:\000/\000U\000s\000e\000r\000s\000/\000C\000l\000e\000a\000n\000/\000D\000o\000c\000u\000m\000e\000n\000t\000s\000/\000P\000r\000o\000j\000e\000k\000t\000e\000/\000A\000p\000o\000s\000-\000D\000a\000t\000a\000b\000a\000s\000e\000M\000a\000n\000a\000g\000e\000r\000/\000P\000r\000o\000j\000e\000c\000t\000/\000c\000l\000a\000s\000s\000e\000s\000/\000f\000r\000o\000n\000t\000e\000n\000d\000C\000l\000a\000s\000s\000e\000s\000/\000w\000i\000n\000d\000o\000w\000h\000a\000n\000d\000l\000e\000r\000.\000h\000p\000p\000\040\000F\000i\000l\000e\000\040\000R\000e\000f\000e\000r\000e\000n\000c\000e}{chapter.11}% 264
\BOOKMARK [2][-]{subsection.11.35.1}{\376\377\0001\0001\000.\0003\0005\000.\0001\000\040\000D\000e\000t\000a\000i\000l\000e\000d\000\040\000D\000e\000s\000c\000r\000i\000p\000t\000i\000o\000n}{section.11.35}% 265
\BOOKMARK [1][-]{section.11.36}{\376\377\0001\0001\000.\0003\0006\000\040\000w\000i\000n\000d\000o\000w\000h\000a\000n\000d\000l\000e\000r\000.\000h\000p\000p}{chapter.11}% 266
\BOOKMARK [1][-]{section.11.37}{\376\377\0001\0001\000.\0003\0007\000\040\000C\000:\000/\000U\000s\000e\000r\000s\000/\000C\000l\000e\000a\000n\000/\000D\000o\000c\000u\000m\000e\000n\000t\000s\000/\000P\000r\000o\000j\000e\000k\000t\000e\000/\000A\000p\000o\000s\000-\000D\000a\000t\000a\000b\000a\000s\000e\000M\000a\000n\000a\000g\000e\000r\000/\000P\000r\000o\000j\000e\000c\000t\000/\000C\000O\000N\000T\000R\000I\000B\000U\000T\000I\000N\000G\000.\000m\000d\000\040\000F\000i\000l\000e\000\040\000R\000e\000f\000e\000r\000e\000n\000c\000e}{chapter.11}% 267
\BOOKMARK [1][-]{section.11.38}{\376\377\0001\0001\000.\0003\0008\000\040\000C\000:\000/\000U\000s\000e\000r\000s\000/\000C\000l\000e\000a\000n\000/\000D\000o\000c\000u\000m\000e\000n\000t\000s\000/\000P\000r\000o\000j\000e\000k\000t\000e\000/\000A\000p\000o\000s\000-\000D\000a\000t\000a\000b\000a\000s\000e\000M\000a\000n\000a\000g\000e\000r\000/\000P\000r\000o\000j\000e\000c\000t\000/\000R\000E\000A\000D\000M\000E\000.\000m\000d\000\040\000F\000i\000l\000e\000\040\000R\000e\000f\000e\000r\000e\000n\000c\000e}{chapter.11}% 268
\BOOKMARK [1][-]{section.11.39}{\376\377\0001\0001\000.\0003\0009\000\040\000C\000:\000/\000U\000s\000e\000r\000s\000/\000C\000l\000e\000a\000n\000/\000D\000o\000c\000u\000m\000e\000n\000t\000s\000/\000P\000r\000o\000j\000e\000k\000t\000e\000/\000A\000p\000o\000s\000-\000D\000a\000t\000a\000b\000a\000s\000e\000M\000a\000n\000a\000g\000e\000r\000/\000P\000r\000o\000j\000e\000c\000t\000/\000s\000o\000u\000r\000c\000e\000/\000m\000a\000i\000n\000.\000c\000p\000p\000\040\000F\000i\000l\000e\000\040\000R\000e\000f\000e\000r\000e\000n\000c\000e}{chapter.11}% 269
\BOOKMARK [2][-]{subsection.11.39.1}{\376\377\0001\0001\000.\0003\0009\000.\0001\000\040\000D\000e\000t\000a\000i\000l\000e\000d\000\040\000D\000e\000s\000c\000r\000i\000p\000t\000i\000o\000n}{section.11.39}% 270
\BOOKMARK [2][-]{subsection.11.39.2}{\376\377\0001\0001\000.\0003\0009\000.\0002\000\040\000F\000u\000n\000c\000t\000i\000o\000n\000\040\000D\000o\000c\000u\000m\000e\000n\000t\000a\000t\000i\000o\000n}{section.11.39}% 271
\BOOKMARK [3][-]{subsubsection.11.39.2.1}{\376\377\0001\0001\000.\0003\0009\000.\0002\000.\0001\000\040\000m\000a\000i\000n\000\050\000\051}{subsection.11.39.2}% 272
\BOOKMARK [1][-]{section.11.40}{\376\377\0001\0001\000.\0004\0000\000\040\000m\000a\000i\000n\000.\000c\000p\000p}{chapter.11}% 273
\BOOKMARK [0][-]{section*.194}{\376\377\000I\000n\000d\000e\000x}{}% 274
